name: lint
run_id: install_deps
env COMSPEC: C:\Windows\system32\cmd.exe
env NUMBER_OF_PROCESSORS: 8
env PATHEXT: .COM;.EXE;.BAT;.CMD;.VBS;.VBE;.JS;.JSE;.WSF;.WSH;.MSC
env PROCESSOR_ARCHITECTURE: AMD64
env PROGRAMDATA: C:\ProgramData
env PROGRAMFILES: C:\Program Files
env PROGRAMFILES(X86): C:\Program Files (x86)
env SYSTEMDRIVE: C:
env SYSTEMROOT: C:\Windows
env TEMP: C:\Users\dhava\AppData\Local\Temp
env TMP: C:\Users\dhava\AppData\Local\Temp
env USERPROFILE: C:\Users\dhava
env PATH: E:\IISC\Second_sem\DL\project\Git_Repo\Natural_Language_Inference_production\.tox\test_package\Scripts;C:\Windows\system32;C:\Windows;C:\Windows\System32\Wbem;C:\Windows\System32\WindowsPowerShell\v1.0\;C:\Windows\System32\OpenSSH\;C:\Program Files\Git\cmd;C:\Users\dhava\AppData\Local\Programs\Python\Python310;C:\Users\dhava\AppData\Local\Programs\Python\Python310\Scripts;C:\Program Files (x86)\Common Files\Acronis\SnapAPI\;C:\Program Files (x86)\Common Files\Acronis\VirtualFile\;C:\Program Files (x86)\Common Files\Acronis\VirtualFile64\;C:\Program Files (x86)\Common Files\Acronis\FileProtector\;C:\Program Files (x86)\Common Files\Acronis\FileProtector64\;C:\Users\dhava\AppData\Local\Programs\Python\Python39\Scripts\;C:\Users\dhava\AppData\Local\Programs\Python\Python39\;C:\Users\dhava\AppData\Local\Microsoft\WindowsApps
env PYTHONHASHSEED: 351
env PIP_DISABLE_PIP_VERSION_CHECK: 1
env PYTHONIOENCODING: utf-8
env TOX_ENV_NAME: lint
env TOX_WORK_DIR: E:\IISC\Second_sem\DL\project\Git_Repo\Natural_Language_Inference_production\.tox
env TOX_ENV_DIR: E:\IISC\Second_sem\DL\project\Git_Repo\Natural_Language_Inference_production\.tox\test_package
env VIRTUAL_ENV: E:\IISC\Second_sem\DL\project\Git_Repo\Natural_Language_Inference_production\.tox\test_package
env COLUMNS: 120
env LINES: 30
metadata pid: 9588
cwd: E:\IISC\Second_sem\DL\project\Git_Repo\Natural_Language_Inference_production
allow: E:\IISC\Second_sem\DL\project\Git_Repo\Natural_Language_Inference_production\.tox\test_package\Scripts\*
cmd: pip install -r requirements/test_requirements.txt
exit_code: 0
Collecting numpy>=1.18.0
  Using cached numpy-1.25.1-cp39-cp39-win_amd64.whl (15.1 MB)
Collecting pandas>=1.0.0
  Using cached pandas-2.0.3-cp39-cp39-win_amd64.whl (10.8 MB)
Collecting pydantic>=1.8.1
  Downloading pydantic-2.1.1-py3-none-any.whl (370 kB)
     ---------------------------------------- 370.9/370.9 KB 1.8 MB/s eta 0:00:00
Collecting scikit-learn>=0.22.1
  Using cached scikit_learn-1.3.0-cp39-cp39-win_amd64.whl (9.3 MB)
Collecting strictyaml>=1.3.2
  Using cached strictyaml-1.7.3-py3-none-any.whl (123 kB)
Collecting nltk>=3.4.5
  Using cached nltk-3.8.1-py3-none-any.whl (1.5 MB)
Collecting scipy>=1.4.1
  Using cached scipy-1.11.1-cp39-cp39-win_amd64.whl (44.1 MB)
Collecting pytest<6.3.0,>=6.2.3
  Using cached pytest-6.2.5-py3-none-any.whl (280 kB)
Collecting black>=20.8b1
  Using cached black-23.7.0-cp39-cp39-win_amd64.whl (1.3 MB)
Collecting flake8<3.10.0,>=3.9.0
  Using cached flake8-3.9.2-py2.py3-none-any.whl (73 kB)
Collecting mypy>=0.812
  Using cached mypy-1.4.1-cp39-cp39-win_amd64.whl (8.8 MB)
Collecting isort>=5.8.0
  Using cached isort-5.12.0-py3-none-any.whl (91 kB)
Collecting python-dateutil>=2.8.2
  Using cached python_dateutil-2.8.2-py2.py3-none-any.whl (247 kB)
Collecting pytz>=2020.1
  Using cached pytz-2023.3-py2.py3-none-any.whl (502 kB)
Collecting tzdata>=2022.1
  Using cached tzdata-2023.3-py2.py3-none-any.whl (341 kB)
Collecting annotated-types>=0.4.0
  Using cached annotated_types-0.5.0-py3-none-any.whl (11 kB)
Collecting pydantic-core==2.4.0
  Downloading pydantic_core-2.4.0-cp39-none-win_amd64.whl (1.7 MB)
     ---------------------------------------- 1.7/1.7 MB 2.6 MB/s eta 0:00:00
Collecting typing-extensions>=4.6.1
  Using cached typing_extensions-4.7.1-py3-none-any.whl (33 kB)
Collecting joblib>=1.1.1
  Using cached joblib-1.3.1-py3-none-any.whl (301 kB)
Collecting threadpoolctl>=2.0.0
  Using cached threadpoolctl-3.2.0-py3-none-any.whl (15 kB)
Collecting click
  Using cached click-8.1.6-py3-none-any.whl (97 kB)
Collecting tqdm
  Using cached tqdm-4.65.0-py3-none-any.whl (77 kB)
Collecting regex>=2021.8.3
  Using cached regex-2023.6.3-cp39-cp39-win_amd64.whl (268 kB)
Collecting iniconfig
  Using cached iniconfig-2.0.0-py3-none-any.whl (5.9 kB)
Collecting atomicwrites>=1.0
  Using cached atomicwrites-1.4.1-py2.py3-none-any.whl
Collecting toml
  Using cached toml-0.10.2-py2.py3-none-any.whl (16 kB)
Collecting packaging
  Using cached packaging-23.1-py3-none-any.whl (48 kB)
Collecting py>=1.8.2
  Using cached py-1.11.0-py2.py3-none-any.whl (98 kB)
Collecting attrs>=19.2.0
  Using cached attrs-23.1.0-py3-none-any.whl (61 kB)
Collecting pluggy<2.0,>=0.12
  Using cached pluggy-1.2.0-py3-none-any.whl (17 kB)
Collecting colorama
  Using cached colorama-0.4.6-py2.py3-none-any.whl (25 kB)
Collecting pathspec>=0.9.0
  Using cached pathspec-0.11.1-py3-none-any.whl (29 kB)
Collecting mypy-extensions>=0.4.3
  Using cached mypy_extensions-1.0.0-py3-none-any.whl (4.7 kB)
Collecting tomli>=1.1.0
  Using cached tomli-2.0.1-py3-none-any.whl (12 kB)
Collecting platformdirs>=2
  Using cached platformdirs-3.9.1-py3-none-any.whl (16 kB)
Collecting pycodestyle<2.8.0,>=2.7.0
  Using cached pycodestyle-2.7.0-py2.py3-none-any.whl (41 kB)
Collecting pyflakes<2.4.0,>=2.3.0
  Using cached pyflakes-2.3.1-py2.py3-none-any.whl (68 kB)
Collecting mccabe<0.7.0,>=0.6.0
  Using cached mccabe-0.6.1-py2.py3-none-any.whl (8.6 kB)
Collecting six>=1.5
  Using cached six-1.16.0-py2.py3-none-any.whl (11 kB)
Installing collected packages: pytz, mccabe, tzdata, typing-extensions, tomli, toml, threadpoolctl, six, regex, pyflakes, pycodestyle, py, pluggy, platformdirs, pathspec, packaging, numpy, mypy-extensions, joblib, isort, iniconfig, colorama, attrs, atomicwrites, annotated-types, tqdm, scipy, python-dateutil, pytest, pydantic-core, mypy, flake8, click, strictyaml, scikit-learn, pydantic, pandas, nltk, black
Successfully installed annotated-types-0.5.0 atomicwrites-1.4.1 attrs-23.1.0 black-23.7.0 click-8.1.6 colorama-0.4.6 flake8-3.9.2 iniconfig-2.0.0 isort-5.12.0 joblib-1.3.1 mccabe-0.6.1 mypy-1.4.1 mypy-extensions-1.0.0 nltk-3.8.1 numpy-1.25.1 packaging-23.1 pandas-2.0.3 pathspec-0.11.1 platformdirs-3.9.1 pluggy-1.2.0 py-1.11.0 pycodestyle-2.7.0 pydantic-2.1.1 pydantic-core-2.4.0 pyflakes-2.3.1 pytest-6.2.5 python-dateutil-2.8.2 pytz-2023.3 regex-2023.6.3 scikit-learn-1.3.0 scipy-1.11.1 six-1.16.0 strictyaml-1.7.3 threadpoolctl-3.2.0 toml-0.10.2 tomli-2.0.1 tqdm-4.65.0 typing-extensions-4.7.1 tzdata-2023.3
