name: lint
run_id: commands[1]
env COMSPEC: C:\Windows\system32\cmd.exe
env NUMBER_OF_PROCESSORS: 8
env PATHEXT: .COM;.EXE;.BAT;.CMD;.VBS;.VBE;.JS;.JSE;.WSF;.WSH;.MSC
env PROCESSOR_ARCHITECTURE: AMD64
env PROGRAMDATA: C:\ProgramData
env PROGRAMFILES: C:\Program Files
env PROGRAMFILES(X86): C:\Program Files (x86)
env SYSTEMDRIVE: C:
env SYSTEMROOT: C:\Windows
env TEMP: C:\Users\dhava\AppData\Local\Temp
env TMP: C:\Users\dhava\AppData\Local\Temp
env USERPROFILE: C:\Users\dhava
env PATH: E:\IISC\Second_sem\DL\project\Git_Repo\Natural_Language_Inference_production\.tox\test_package\Scripts;C:\Windows\system32;C:\Windows;C:\Windows\System32\Wbem;C:\Windows\System32\WindowsPowerShell\v1.0\;C:\Windows\System32\OpenSSH\;C:\Program Files\Git\cmd;C:\Users\dhava\AppData\Local\Programs\Python\Python310;C:\Users\dhava\AppData\Local\Programs\Python\Python310\Scripts;C:\Program Files (x86)\Common Files\Acronis\SnapAPI\;C:\Program Files (x86)\Common Files\Acronis\VirtualFile\;C:\Program Files (x86)\Common Files\Acronis\VirtualFile64\;C:\Program Files (x86)\Common Files\Acronis\FileProtector\;C:\Program Files (x86)\Common Files\Acronis\FileProtector64\;C:\Users\dhava\AppData\Local\Programs\Python\Python39\Scripts\;C:\Users\dhava\AppData\Local\Programs\Python\Python39\;C:\Users\dhava\AppData\Local\Microsoft\WindowsApps
env PYTHONHASHSEED: 351
env PIP_DISABLE_PIP_VERSION_CHECK: 1
env PYTHONIOENCODING: utf-8
env TOX_ENV_NAME: lint
env TOX_WORK_DIR: E:\IISC\Second_sem\DL\project\Git_Repo\Natural_Language_Inference_production\.tox
env TOX_ENV_DIR: E:\IISC\Second_sem\DL\project\Git_Repo\Natural_Language_Inference_production\.tox\test_package
env VIRTUAL_ENV: E:\IISC\Second_sem\DL\project\Git_Repo\Natural_Language_Inference_production\.tox\test_package
env COLUMNS: 120
env LINES: 30
metadata pid: 11252
cwd: E:\IISC\Second_sem\DL\project\Git_Repo\Natural_Language_Inference_production
allow: E:\IISC\Second_sem\DL\project\Git_Repo\Natural_Language_Inference_production\.tox\test_package\Scripts\*
cmd: black lr_model tests
exit_code: 0

standard error:
reformatted E:\IISC\Second_sem\DL\project\Git_Repo\Natural_Language_Inference_production\tests\test_prediction.py
reformatted E:\IISC\Second_sem\DL\project\Git_Repo\Natural_Language_Inference_production\tests\test_data_processing.py
reformatted E:\IISC\Second_sem\DL\project\Git_Repo\Natural_Language_Inference_production\lr_model\config\core.py
reformatted E:\IISC\Second_sem\DL\project\Git_Repo\Natural_Language_Inference_production\lr_model\test.py
reformatted E:\IISC\Second_sem\DL\project\Git_Repo\Natural_Language_Inference_production\lr_model\train.py
reformatted E:\IISC\Second_sem\DL\project\Git_Repo\Natural_Language_Inference_production\lr_model\processing\dataprocessing.py

All done! ✨ 🍰 ✨
6 files reformatted, 6 files left unchanged.
